Drill report for D:\Documents\Kicad\Sequencer\Sequencer.kicad_pcb
Created on 17/08/2019 13:58:53

Copper Layer Stackup:
    =============================================================
    L1 :  F.Cu                      front
    L2 :  B.Cu                      back


Drill file 'Sequencer-PTH.drl' contains
    plated through holes:
    =============================================================
    T1  0.40mm  0.016"  (29 holes)
    T2  1.10mm  0.043"  (3 holes)
    T3  1.52mm  0.060"  (5 holes)
    T4  2.00mm  0.079"  (4 holes)
    T5  2.50mm  0.098"  (2 holes)

    Total plated holes count 43


Drill file 'Sequencer-NPTH.drl' contains
    unplated through holes:
    =============================================================
    T1  3.20mm  0.126"  (4 holes)

    Total unplated holes count 4
